<?xml version="1.0" encoding="UTF-8"?>
<!-- Generated by org.testng.reporters.JUnitXMLReporter -->
<testsuite ignored="0" hostname="DESKTOP-FNB0PM0" failures="0" tests="3" name="Test " time="3.713" errors="0" timestamp="2025-04-10T01:15:22 EET">
  <testcase classname="tests.InvalidLoginTest" name="InvalidData" time="1.086"/>
  <testcase classname="tests.InvalidLoginTest" name="InvalidUserName" time="1.153"/>
  <testcase classname="tests.InvalidLoginTest" name="InvalidPassword" time="1.315"/>
</testsuite> <!-- Test  -->
