<?xml version="1.0" encoding="UTF-8"?>
<!-- Generated by org.testng.reporters.JUnitXMLReporter -->
<testsuite ignored="4" hostname="DESKTOP-FNB0PM0" failures="0" tests="4" name="Regression Test" time="8.312" errors="0" timestamp="2025-03-30T04:58:53 EET">
  <testcase classname="tests.UserSignUpTest" name="userCloseSignup" time="0.928"/>
  <testcase classname="tests.UserSignUpTest" name="userSubmitSignup" time="1.467"/>
  <testcase classname="tests.UserLogoutTest" name="userLogout" time="3.191"/>
  <testcase classname="tests.UserLoginTest" name="userSubmitLogin" time="2.631"/>
  <testcase classname="tests.TestBase" name="@AfterSuite stopDriver" time="0.0">
    <ignored/>
  </testcase> <!-- @AfterSuite stopDriver -->
  <testcase classname="tests.TestBase" name="@BeforeSuite startDriver" time="0.0">
    <ignored/>
  </testcase> <!-- @BeforeSuite startDriver -->
  <testcase classname="tests.TestBase" name="@AfterSuite stopDriver" time="0.0">
    <ignored/>
  </testcase> <!-- @AfterSuite stopDriver -->
  <testcase classname="tests.TestBase" name="@BeforeSuite startDriver" time="0.0">
    <ignored/>
  </testcase> <!-- @BeforeSuite startDriver -->
</testsuite> <!-- Regression Test -->
