<?xml version="1.0" encoding="UTF-8"?>
<!-- Generated by org.testng.reporters.JUnitXMLReporter -->
<testsuite ignored="8" hostname="DESKTOP-FNB0PM0" failures="0" tests="5" name="Delete product" time="6.651" errors="0" timestamp="2025-04-07T23:26:39 EET">
  <testcase classname="tests.UserLoginTest" name="userSubmitLogin" time="2.952"/>
  <testcase classname="tests.PurchaseProduct" name="Purchaseproduct" time="0.617"/>
  <testcase classname="tests.AddToCart" name="AddProduct" time="1.722"/>
  <testcase classname="tests.DeleteOrder" name="DeleteProduct" time="0.838"/>
  <testcase classname="tests.UserLogoutTest" name="userLogout" time="0.431"/>
  <testcase classname="tests.TestBase" name="@AfterSuite stopDriver" time="0.0">
    <ignored/>
  </testcase> <!-- @AfterSuite stopDriver -->
  <testcase classname="tests.TestBase" name="@BeforeSuite startDriver" time="0.0">
    <ignored/>
  </testcase> <!-- @BeforeSuite startDriver -->
  <testcase classname="tests.TestBase" name="@BeforeSuite startDriver" time="0.0">
    <ignored/>
  </testcase> <!-- @BeforeSuite startDriver -->
  <testcase classname="tests.TestBase" name="@AfterSuite stopDriver" time="0.0">
    <ignored/>
  </testcase> <!-- @AfterSuite stopDriver -->
  <testcase classname="tests.TestBase" name="@BeforeSuite startDriver" time="0.0">
    <ignored/>
  </testcase> <!-- @BeforeSuite startDriver -->
  <testcase classname="tests.TestBase" name="@AfterSuite stopDriver" time="0.0">
    <ignored/>
  </testcase> <!-- @AfterSuite stopDriver -->
  <testcase classname="tests.TestBase" name="@AfterSuite stopDriver" time="0.0">
    <ignored/>
  </testcase> <!-- @AfterSuite stopDriver -->
  <testcase classname="tests.TestBase" name="@BeforeSuite startDriver" time="0.0">
    <ignored/>
  </testcase> <!-- @BeforeSuite startDriver -->
</testsuite> <!-- Delete product -->
