<?xml version="1.0" encoding="UTF-8"?>
<!-- Generated by org.testng.reporters.JUnitXMLReporter -->
<testsuite ignored="0" hostname="DESKTOP-FNB0PM0" failures="0" tests="3" name="Negative Login Test" time="4.528" errors="0" timestamp="2025-04-16T13:12:15 EET">
  <testcase classname="tests.InvalidLoginTest" name="InvalidData" time="1.005"/>
  <testcase classname="tests.InvalidLoginTest" name="InvalidUserName" time="1.172"/>
  <testcase classname="tests.InvalidLoginTest" name="InvalidPassword" time="2.309"/>
</testsuite> <!-- Negative Login Test -->
