<?xml version="1.0" encoding="UTF-8"?>
<!-- Generated by org.testng.reporters.JUnitXMLReporter -->
<testsuite ignored="4" hostname="DESKTOP-FNB0PM0" failures="0" tests="3" name="Test Login" time="5.725" errors="0" timestamp="2025-04-16T13:12:07 EET">
  <testcase classname="tests.UserSignUpTest" name="userSubmitSignup" time="2.124"/>
  <testcase classname="tests.UserLoginTest" name="userSubmitLogin" time="2.87"/>
  <testcase classname="tests.UserLogoutTest" name="userLogout" time="0.371"/>
  <testcase classname="tests.TestBase" name="@BeforeSuite startDriver" time="0.0">
    <ignored/>
  </testcase> <!-- @BeforeSuite startDriver -->
  <testcase classname="tests.TestBase" name="@AfterSuite stopDriver" time="0.0">
    <ignored/>
  </testcase> <!-- @AfterSuite stopDriver -->
  <testcase classname="tests.TestBase" name="@BeforeSuite startDriver" time="0.0">
    <ignored/>
  </testcase> <!-- @BeforeSuite startDriver -->
  <testcase classname="tests.TestBase" name="@AfterSuite stopDriver" time="0.0">
    <ignored/>
  </testcase> <!-- @AfterSuite stopDriver -->
</testsuite> <!-- Test Login -->
