<?xml version="1.0" encoding="UTF-8"?>
<!-- Generated by org.testng.reporters.JUnitXMLReporter -->
<testsuite ignored="4" hostname="DESKTOP-FNB0PM0" failures="0" tests="3" name="NegativeLoginTest" time="4.303" errors="0" timestamp="2025-04-09T14:53:08 EET">
  <testcase classname="tests.InvalidLoginTest" name="InvalidData" time="0.892"/>
  <testcase classname="tests.InvalidPasswordLogin" name="InvalidPassword" time="1.706"/>
  <testcase classname="tests.InvalidUserNameLogin" name="InvalidUserName" time="1.687"/>
  <testcase classname="tests.TestBase" name="@BeforeSuite startDriver" time="0.0">
    <ignored/>
  </testcase> <!-- @BeforeSuite startDriver -->
  <testcase classname="tests.TestBase" name="@AfterSuite stopDriver" time="0.0">
    <ignored/>
  </testcase> <!-- @AfterSuite stopDriver -->
  <testcase classname="tests.TestBase" name="@AfterSuite stopDriver" time="0.0">
    <ignored/>
  </testcase> <!-- @AfterSuite stopDriver -->
  <testcase classname="tests.TestBase" name="@BeforeSuite startDriver" time="0.0">
    <ignored/>
  </testcase> <!-- @BeforeSuite startDriver -->
</testsuite> <!-- NegativeLoginTest -->
