<?xml version="1.0" encoding="UTF-8"?>
<!-- Generated by org.testng.reporters.JUnitXMLReporter -->
<testsuite ignored="8" hostname="DESKTOP-FNB0PM0" failures="0" tests="8" name="Test Invalid Order" time="10.908" errors="0" timestamp="2025-04-26T21:34:12 EEST">
  <testcase classname="tests.UserLoginTest" name="userSubmitLogin" time="2.527"/>
  <testcase classname="tests.PurchaseProduct" name="Purchaseproduct" time="0.583"/>
  <testcase classname="tests.AddToCart" name="AddProduct" time="1.679"/>
  <testcase classname="tests.InvalidOrder" name="invalidData" time="1.866"/>
  <testcase classname="tests.InvalidOrder" name="invalidName" time="1.266"/>
  <testcase classname="tests.InvalidOrder" name="invalidCreditCard" time="1.03"/>
  <testcase classname="tests.InvalidOrder" name="dismissOtherData" time="1.052"/>
  <testcase classname="tests.UserLogoutTest" name="userLogout" time="0.834"/>
  <testcase classname="tests.TestBase" name="@BeforeSuite startDriver" time="0.0">
    <ignored/>
  </testcase> <!-- @BeforeSuite startDriver -->
  <testcase classname="tests.TestBase" name="@AfterSuite stopDriver" time="0.0">
    <ignored/>
  </testcase> <!-- @AfterSuite stopDriver -->
  <testcase classname="tests.TestBase" name="@BeforeSuite startDriver" time="0.0">
    <ignored/>
  </testcase> <!-- @BeforeSuite startDriver -->
  <testcase classname="tests.TestBase" name="@AfterSuite stopDriver" time="0.0">
    <ignored/>
  </testcase> <!-- @AfterSuite stopDriver -->
  <testcase classname="tests.TestBase" name="@AfterSuite stopDriver" time="0.0">
    <ignored/>
  </testcase> <!-- @AfterSuite stopDriver -->
  <testcase classname="tests.TestBase" name="@BeforeSuite startDriver" time="0.0">
    <ignored/>
  </testcase> <!-- @BeforeSuite startDriver -->
  <testcase classname="tests.TestBase" name="@AfterSuite stopDriver" time="0.0">
    <ignored/>
  </testcase> <!-- @AfterSuite stopDriver -->
  <testcase classname="tests.TestBase" name="@BeforeSuite startDriver" time="0.0">
    <ignored/>
  </testcase> <!-- @BeforeSuite startDriver -->
</testsuite> <!-- Test Invalid Order -->
