<?xml version="1.0" encoding="UTF-8"?>
<!-- Generated by org.testng.reporters.JUnitXMLReporter -->
<testsuite ignored="4" hostname="DESKTOP-FNB0PM0" failures="0" tests="3" name="Test Invalid Add To Cart" time="5.155" errors="0" timestamp="2025-04-26T21:34:17 EEST">
  <testcase classname="tests.UserLoginTest" name="userSubmitLogin" time="2.6"/>
  <testcase classname="tests.InvalidAddToCart" name="InvalidCart" time="1.719"/>
  <testcase classname="tests.UserLogoutTest" name="userLogout" time="0.816"/>
  <testcase classname="tests.TestBase" name="@AfterSuite stopDriver" time="0.0">
    <ignored/>
  </testcase> <!-- @AfterSuite stopDriver -->
  <testcase classname="tests.TestBase" name="@BeforeSuite startDriver" time="0.0">
    <ignored/>
  </testcase> <!-- @BeforeSuite startDriver -->
  <testcase classname="tests.TestBase" name="@BeforeSuite startDriver" time="0.0">
    <ignored/>
  </testcase> <!-- @BeforeSuite startDriver -->
  <testcase classname="tests.TestBase" name="@AfterSuite stopDriver" time="0.0">
    <ignored/>
  </testcase> <!-- @AfterSuite stopDriver -->
</testsuite> <!-- Test Invalid Add To Cart -->
