<?xml version="1.0" encoding="UTF-8"?>
<!-- Generated by org.testng.reporters.JUnitReportReporter -->
<testsuite hostname="DESKTOP-FNB0PM0" failures="0" tests="6" name="tests.AddToCart" time="10.074" errors="0" timestamp="2025-04-26T21:34:23 EEST" skipped="0">
  <testcase classname="tests.AddToCart" name="AddProduct" time="1.439"/>
  <testcase classname="tests.AddToCart" name="AddProduct" time="1.680"/>
  <testcase classname="tests.AddToCart" name="AddProduct" time="1.695"/>
  <testcase classname="tests.AddToCart" name="AddProduct" time="1.939"/>
  <testcase classname="tests.AddToCart" name="AddProduct" time="1.418"/>
  <testcase classname="tests.AddToCart" name="AddProduct" time="1.903"/>
</testsuite> <!-- tests.AddToCart -->
