<?xml version="1.0" encoding="UTF-8"?>
<!-- Generated by org.testng.reporters.JUnitReportReporter -->
<testsuite hostname="DESKTOP-FNB0PM0" failures="0" tests="3" name="tests.InvalidSignUpTest" time="3.739" errors="0" timestamp="2025-04-26T21:34:23 EEST" skipped="0">
  <testcase classname="tests.InvalidSignUpTest" name="invalidSignup" time="1.606"/>
  <testcase classname="tests.InvalidSignUpTest" name="invalidPasswordSignup" time="0.816"/>
  <testcase classname="tests.InvalidSignUpTest" name="invalidUserNameSignup" time="1.317"/>
</testsuite> <!-- tests.InvalidSignUpTest -->
