<?xml version="1.0" encoding="UTF-8"?>
<!-- Generated by org.testng.reporters.JUnitReportReporter -->
<testsuite hostname="DESKTOP-FNB0PM0" failures="0" tests="3" name="tests.InvalidLoginTest" time="4.488" errors="0" timestamp="2025-04-16T13:12:55 EET" skipped="0">
  <testcase classname="tests.InvalidLoginTest" name="InvalidData" time="1.005"/>
  <testcase classname="tests.InvalidLoginTest" name="InvalidUserName" time="1.173"/>
  <testcase classname="tests.InvalidLoginTest" name="InvalidPassword" time="2.310"/>
</testsuite> <!-- tests.InvalidLoginTest -->
